2020-02-29 01:21:26.534  INFO 12871 --- [parallel-6] s.n.m.impl.connections.AudioWebSocket    : Websocket to wss://us-central274.discord.media/?v=4 closed with code 4014 and reason Disconnected.
2020-02-29 01:21:26.537  INFO 12871 --- [parallel-6] s.n.m.impl.connections.AudioWebSocket    : Closing
2020-02-29 01:21:26.691  INFO 12871 --- [XNIO-1 I/O-8] lavalink.server.io.SocketServer          : Connection closed from /127.0.0.1:37796 -- CloseStatus[code=1006, reason=]
2020-02-29 01:21:26.693  INFO 12871 --- [XNIO-1 I/O-8] lavalink.server.io.SocketContext         : Shutting down 0 playing players.
2020-02-29 01:21:26.695  INFO 12871 --- [XNIO-1 I/O-8] c.s.d.l.tools.GarbageCollectionMonitor   : GC monitoring disabled.
2020-02-29 01:21:30.069  INFO 12871 --- [XNIO-1 task-57] l.server.io.HandshakeInterceptorImpl     : Incoming connection from /127.0.0.1:41180
2020-02-29 01:21:30.071  INFO 12871 --- [XNIO-1 task-57] c.s.d.l.tools.GarbageCollectionMonitor   : GC monitoring enabled, reporting results every 2 minutes.
2020-02-29 01:21:30.080  INFO 12871 --- [XNIO-1 task-57] lavalink.server.io.SocketServer          : Connection successfully established from /127.0.0.1:41180
2020-02-29 01:21:53.785  INFO 12871 --- [XNIO-1 task-58] l.server.player.AudioLoaderRestHandler   : GET /loadtracks
2020-02-29 01:21:54.614  INFO 12871 --- [lava-daemon-pool-info-loader-2-thread-1] lavalink.server.player.AudioLoader       : Loaded playlist Search results for: foo fighters pretender
2020-02-29 01:21:54.811  INFO 12871 --- [XNIO-1 I/O-8] lavalink.server.io.SocketServer          : {"op": "voiceUpdate", "guildId": "627894235022098442", "sessionId": "df8b47a8bdc66b68df6d4f5b257ce7c1", "event": {"token": "cf5dfe0395acad8c", "guild_id": "627894235022098442", "endpoint": "us-central161.discord.media:80"}}
2020-02-29 01:21:55.406  INFO 12871 --- [XNIO-1 I/O-8] lavalink.server.io.SocketServer          : {"op": "play", "guildId": "627894235022098442", "track": "QAAAggIAHEZvbyBGaWdodGVycyAtIFRoZSBQcmV0ZW5kZXIADEZvbyBGaWdodGVycwAAAAAABCKYAAtTQmpROXR1dVRKUQABACtodHRwczovL3d3dy55b3V0dWJlLmNvbS93YXRjaD92PVNCalE5dHV1VEpRAAd5b3V0dWJlAAAAAAAAAAA=", "noReplace": false, "startTime": "0"}
2020-02-29 01:22:33.660  INFO 12871 --- [XNIO-1 I/O-8] lavalink.server.io.SocketServer          : Connection closed from /127.0.0.1:41180 -- CloseStatus[code=1006, reason=]
2020-02-29 01:22:33.660  INFO 12871 --- [XNIO-1 I/O-8] lavalink.server.io.SocketContext         : Shutting down 1 playing players.
2020-02-29 01:22:33.662  INFO 12871 --- [XNIO-1 I/O-8] c.s.d.l.tools.GarbageCollectionMonitor   : GC monitoring disabled.
2020-02-29 01:22:33.668  WARN 12871 --- [lava-daemon-pool-playback-589-thread-1] c.s.d.l.t.p.LocalAudioTrackExecutor      : Suspicious exception for playback of SBjQ9tuuTJQ

com.sedmelluq.discord.lavaplayer.tools.FriendlyException: The track was unexpectedly terminated.
	at com.sedmelluq.discord.lavaplayer.track.playback.LocalAudioTrackExecutor.handlePlaybackInterrupt(LocalAudioTrackExecutor.java:334) ~[lavaplayer-1.3.32.jar!/:na]
	at com.sedmelluq.discord.lavaplayer.track.playback.LocalAudioTrackExecutor.executeProcessingLoop(LocalAudioTrackExecutor.java:278) ~[lavaplayer-1.3.32.jar!/:na]
	at com.sedmelluq.discord.lavaplayer.track.playback.LocalAudioTrackExecutor.executeProcessingLoop(LocalAudioTrackExecutor.java:236) ~[lavaplayer-1.3.32.jar!/:na]
	at com.sedmelluq.discord.lavaplayer.container.matroska.MatroskaAudioTrack.process(MatroskaAudioTrack.java:39) ~[lavaplayer-1.3.32.jar!/:na]
	at com.sedmelluq.discord.lavaplayer.track.DelegatedAudioTrack.processDelegate(DelegatedAudioTrack.java:25) ~[lavaplayer-1.3.32.jar!/:na]
	at com.sedmelluq.discord.lavaplayer.source.youtube.YoutubeAudioTrack.processStatic(YoutubeAudioTrack.java:57) ~[lavaplayer-1.3.32.jar!/:na]
	at com.sedmelluq.discord.lavaplayer.source.youtube.YoutubeAudioTrack.process(YoutubeAudioTrack.java:49) ~[lavaplayer-1.3.32.jar!/:na]
	at com.sedmelluq.discord.lavaplayer.track.playback.LocalAudioTrackExecutor.execute(LocalAudioTrackExecutor.java:91) ~[lavaplayer-1.3.32.jar!/:na]
	at com.sedmelluq.discord.lavaplayer.player.DefaultAudioPlayerManager.lambda$executeTrack$1(DefaultAudioPlayerManager.java:349) ~[lavaplayer-1.3.32.jar!/:na]
	at java.base/java.util.concurrent.ThreadPoolExecutor.runWorker(ThreadPoolExecutor.java:1128) ~[na:na]
	at java.base/java.util.concurrent.ThreadPoolExecutor$Worker.run(ThreadPoolExecutor.java:628) ~[na:na]
	at java.base/java.lang.Thread.run(Thread.java:834) ~[na:na]
Caused by: java.lang.InterruptedException: null
	at java.base/java.util.concurrent.locks.AbstractQueuedSynchronizer$ConditionObject.reportInterruptAfterWait(AbstractQueuedSynchronizer.java:2056) ~[na:na]
	at java.base/java.util.concurrent.locks.AbstractQueuedSynchronizer$ConditionObject.await(AbstractQueuedSynchronizer.java:2090) ~[na:na]
	at java.base/java.util.concurrent.ArrayBlockingQueue.put(ArrayBlockingQueue.java:367) ~[na:na]
	at com.sedmelluq.discord.lavaplayer.track.playback.AllocatingAudioFrameBuffer.consume(AllocatingAudioFrameBuffer.java:179) ~[lavaplayer-1.3.32.jar!/:na]
	at com.sedmelluq.discord.lavaplayer.container.common.OpusPacketRouter.passThrough(OpusPacketRouter.java:169) ~[lavaplayer-1.3.32.jar!/:na]
	at com.sedmelluq.discord.lavaplayer.container.common.OpusPacketRouter.process(OpusPacketRouter.java:99) ~[lavaplayer-1.3.32.jar!/:na]
	at com.sedmelluq.discord.lavaplayer.container.matroska.MatroskaOpusTrackConsumer.consume(MatroskaOpusTrackConsumer.java:47) ~[lavaplayer-1.3.32.jar!/:na]
	at com.sedmelluq.discord.lavaplayer.container.matroska.MatroskaStreamingFile.processFrameInBlock(MatroskaStreamingFile.java:372) ~[lavaplayer-1.3.32.jar!/:na]
	at com.sedmelluq.discord.lavaplayer.container.matroska.MatroskaStreamingFile.parseClusterSimpleBlock(MatroskaStreamingFile.java:336) ~[lavaplayer-1.3.32.jar!/:na]
	at com.sedmelluq.discord.lavaplayer.container.matroska.MatroskaStreamingFile.parseNextCluster(MatroskaStreamingFile.java:321) ~[lavaplayer-1.3.32.jar!/:na]
	at com.sedmelluq.discord.lavaplayer.container.matroska.MatroskaStreamingFile.provideFrames(MatroskaStreamingFile.java:297) ~[lavaplayer-1.3.32.jar!/:na]
	at com.sedmelluq.discord.lavaplayer.container.matroska.MatroskaAudioTrack.lambda$process$0(MatroskaAudioTrack.java:40) ~[lavaplayer-1.3.32.jar!/:na]
	at com.sedmelluq.discord.lavaplayer.track.playback.LocalAudioTrackExecutor.executeProcessingLoop(LocalAudioTrackExecutor.java:262) ~[lavaplayer-1.3.32.jar!/:na]
	... 10 common frames omitted

2020-02-29 01:24:06.205  INFO 12871 --- [XNIO-1 task-60] l.server.io.HandshakeInterceptorImpl     : Incoming connection from /127.0.0.1:41240
2020-02-29 01:24:06.210  INFO 12871 --- [XNIO-1 task-60] c.s.d.l.tools.GarbageCollectionMonitor   : GC monitoring enabled, reporting results every 2 minutes.
2020-02-29 01:24:06.213  INFO 12871 --- [XNIO-1 task-60] lavalink.server.io.SocketServer          : Connection successfully established from /127.0.0.1:41240
2020-02-29 01:24:16.901  INFO 12871 --- [XNIO-1 task-61] l.server.player.AudioLoaderRestHandler   : GET /loadtracks
2020-02-29 01:24:17.624  INFO 12871 --- [lava-daemon-pool-info-loader-2-thread-1] lavalink.server.player.AudioLoader       : Loaded playlist Search results for: foo fighters pretender
2020-02-29 01:24:17.776  INFO 12871 --- [XNIO-1 I/O-4] lavalink.server.io.SocketServer          : {"op": "voiceUpdate", "guildId": "627894235022098442", "sessionId": "e868817dd612c168677d9aafa22d5cbe", "event": {"token": "dbcbda3a4838d499", "guild_id": "627894235022098442", "endpoint": "us-central161.discord.media:80"}}
2020-02-29 01:24:17.779  INFO 12871 --- [XNIO-1 I/O-4] lavalink.server.io.SocketServer          : {"op": "play", "guildId": "627894235022098442", "track": "QAAAggIAHEZvbyBGaWdodGVycyAtIFRoZSBQcmV0ZW5kZXIADEZvbyBGaWdodGVycwAAAAAABCKYAAtTQmpROXR1dVRKUQABACtodHRwczovL3d3dy55b3V0dWJlLmNvbS93YXRjaD92PVNCalE5dHV1VEpRAAd5b3V0dWJlAAAAAAAAAAA=", "noReplace": false, "startTime": "0"}
2020-02-29 01:26:14.977  INFO 12871 --- [XNIO-1 I/O-4] lavalink.server.io.SocketServer          : Connection closed from /127.0.0.1:41240 -- CloseStatus[code=1006, reason=]
2020-02-29 01:26:14.977  INFO 12871 --- [XNIO-1 I/O-4] lavalink.server.io.SocketContext         : Shutting down 1 playing players.
2020-02-29 01:26:14.978  INFO 12871 --- [XNIO-1 I/O-4] c.s.d.l.tools.GarbageCollectionMonitor   : GC monitoring disabled.
2020-02-29 01:26:14.986  WARN 12871 --- [lava-daemon-pool-playback-593-thread-1] c.s.d.l.t.p.LocalAudioTrackExecutor      : Suspicious exception for playback of SBjQ9tuuTJQ

com.sedmelluq.discord.lavaplayer.tools.FriendlyException: The track was unexpectedly terminated.
	at com.sedmelluq.discord.lavaplayer.track.playback.LocalAudioTrackExecutor.handlePlaybackInterrupt(LocalAudioTrackExecutor.java:334) ~[lavaplayer-1.3.32.jar!/:na]
	at com.sedmelluq.discord.lavaplayer.track.playback.LocalAudioTrackExecutor.executeProcessingLoop(LocalAudioTrackExecutor.java:278) ~[lavaplayer-1.3.32.jar!/:na]
	at com.sedmelluq.discord.lavaplayer.track.playback.LocalAudioTrackExecutor.executeProcessingLoop(LocalAudioTrackExecutor.java:236) ~[lavaplayer-1.3.32.jar!/:na]
	at com.sedmelluq.discord.lavaplayer.container.matroska.MatroskaAudioTrack.process(MatroskaAudioTrack.java:39) ~[lavaplayer-1.3.32.jar!/:na]
	at com.sedmelluq.discord.lavaplayer.track.DelegatedAudioTrack.processDelegate(DelegatedAudioTrack.java:25) ~[lavaplayer-1.3.32.jar!/:na]
	at com.sedmelluq.discord.lavaplayer.source.youtube.YoutubeAudioTrack.processStatic(YoutubeAudioTrack.java:57) ~[lavaplayer-1.3.32.jar!/:na]
	at com.sedmelluq.discord.lavaplayer.source.youtube.YoutubeAudioTrack.process(YoutubeAudioTrack.java:49) ~[lavaplayer-1.3.32.jar!/:na]
	at com.sedmelluq.discord.lavaplayer.track.playback.LocalAudioTrackExecutor.execute(LocalAudioTrackExecutor.java:91) ~[lavaplayer-1.3.32.jar!/:na]
	at com.sedmelluq.discord.lavaplayer.player.DefaultAudioPlayerManager.lambda$executeTrack$1(DefaultAudioPlayerManager.java:349) ~[lavaplayer-1.3.32.jar!/:na]
	at java.base/java.util.concurrent.ThreadPoolExecutor.runWorker(ThreadPoolExecutor.java:1128) ~[na:na]
	at java.base/java.util.concurrent.ThreadPoolExecutor$Worker.run(ThreadPoolExecutor.java:628) ~[na:na]
	at java.base/java.lang.Thread.run(Thread.java:834) ~[na:na]
Caused by: java.lang.InterruptedException: null
	at java.base/java.util.concurrent.locks.AbstractQueuedSynchronizer$ConditionObject.reportInterruptAfterWait(AbstractQueuedSynchronizer.java:2056) ~[na:na]
	at java.base/java.util.concurrent.locks.AbstractQueuedSynchronizer$ConditionObject.await(AbstractQueuedSynchronizer.java:2090) ~[na:na]
	at java.base/java.util.concurrent.ArrayBlockingQueue.put(ArrayBlockingQueue.java:367) ~[na:na]
	at com.sedmelluq.discord.lavaplayer.track.playback.AllocatingAudioFrameBuffer.consume(AllocatingAudioFrameBuffer.java:179) ~[lavaplayer-1.3.32.jar!/:na]
	at com.sedmelluq.discord.lavaplayer.container.common.OpusPacketRouter.passThrough(OpusPacketRouter.java:169) ~[lavaplayer-1.3.32.jar!/:na]
	at com.sedmelluq.discord.lavaplayer.container.common.OpusPacketRouter.process(OpusPacketRouter.java:99) ~[lavaplayer-1.3.32.jar!/:na]
	at com.sedmelluq.discord.lavaplayer.container.matroska.MatroskaOpusTrackConsumer.consume(MatroskaOpusTrackConsumer.java:47) ~[lavaplayer-1.3.32.jar!/:na]
	at com.sedmelluq.discord.lavaplayer.container.matroska.MatroskaStreamingFile.processFrameInBlock(MatroskaStreamingFile.java:372) ~[lavaplayer-1.3.32.jar!/:na]
	at com.sedmelluq.discord.lavaplayer.container.matroska.MatroskaStreamingFile.parseClusterSimpleBlock(MatroskaStreamingFile.java:336) ~[lavaplayer-1.3.32.jar!/:na]
	at com.sedmelluq.discord.lavaplayer.container.matroska.MatroskaStreamingFile.parseNextCluster(MatroskaStreamingFile.java:321) ~[lavaplayer-1.3.32.jar!/:na]
	at com.sedmelluq.discord.lavaplayer.container.matroska.MatroskaStreamingFile.provideFrames(MatroskaStreamingFile.java:297) ~[lavaplayer-1.3.32.jar!/:na]
	at com.sedmelluq.discord.lavaplayer.container.matroska.MatroskaAudioTrack.lambda$process$0(MatroskaAudioTrack.java:40) ~[lavaplayer-1.3.32.jar!/:na]
	at com.sedmelluq.discord.lavaplayer.track.playback.LocalAudioTrackExecutor.executeProcessingLoop(LocalAudioTrackExecutor.java:262) ~[lavaplayer-1.3.32.jar!/:na]
	... 10 common frames omitted

2020-02-29 01:26:18.083  INFO 12871 --- [XNIO-1 task-63] l.server.io.HandshakeInterceptorImpl     : Incoming connection from /127.0.0.1:41268
2020-02-29 01:26:18.086  INFO 12871 --- [XNIO-1 task-63] c.s.d.l.tools.GarbageCollectionMonitor   : GC monitoring enabled, reporting results every 2 minutes.
2020-02-29 01:26:18.089  INFO 12871 --- [XNIO-1 task-63] lavalink.server.io.SocketServer          : Connection successfully established from /127.0.0.1:41268
2020-02-29 01:26:22.004  INFO 12871 --- [XNIO-1 task-64] l.server.player.AudioLoaderRestHandler   : GET /loadtracks
2020-02-29 01:26:22.618  INFO 12871 --- [lava-daemon-pool-info-loader-2-thread-1] lavalink.server.player.AudioLoader       : Loaded playlist Search results for: foo fighters pretender
2020-02-29 01:26:22.803  INFO 12871 --- [XNIO-1 I/O-8] lavalink.server.io.SocketServer          : {"op": "play", "guildId": "627894235022098442", "track": "QAAAggIAHEZvbyBGaWdodGVycyAtIFRoZSBQcmV0ZW5kZXIADEZvbyBGaWdodGVycwAAAAAABCKYAAtTQmpROXR1dVRKUQABACtodHRwczovL3d3dy55b3V0dWJlLmNvbS93YXRjaD92PVNCalE5dHV1VEpRAAd5b3V0dWJlAAAAAAAAAAA=", "noReplace": false, "startTime": "0"}
2020-02-29 01:26:22.823  INFO 12871 --- [XNIO-1 I/O-8] lavalink.server.io.SocketServer          : {"op": "voiceUpdate", "guildId": "627894235022098442", "sessionId": "157bdb52b0a1d349886d0f339bf6bc9a", "event": {"token": "dbcbda3a4838d499", "guild_id": "627894235022098442", "endpoint": "us-central161.discord.media:80"}}
2020-02-29 01:27:12.168  INFO 12871 --- [XNIO-1 I/O-8] lavalink.server.io.SocketServer          : Connection closed from /127.0.0.1:41268 -- CloseStatus[code=1006, reason=]
2020-02-29 01:27:12.168  INFO 12871 --- [XNIO-1 I/O-8] lavalink.server.io.SocketContext         : Shutting down 1 playing players.
2020-02-29 01:27:12.177  INFO 12871 --- [XNIO-1 I/O-8] c.s.d.l.tools.GarbageCollectionMonitor   : GC monitoring disabled.
2020-02-29 01:27:12.197  WARN 12871 --- [lava-daemon-pool-playback-597-thread-1] c.s.d.l.t.p.LocalAudioTrackExecutor      : Suspicious exception for playback of SBjQ9tuuTJQ

com.sedmelluq.discord.lavaplayer.tools.FriendlyException: The track was unexpectedly terminated.
	at com.sedmelluq.discord.lavaplayer.track.playback.LocalAudioTrackExecutor.handlePlaybackInterrupt(LocalAudioTrackExecutor.java:334) ~[lavaplayer-1.3.32.jar!/:na]
	at com.sedmelluq.discord.lavaplayer.track.playback.LocalAudioTrackExecutor.executeProcessingLoop(LocalAudioTrackExecutor.java:278) ~[lavaplayer-1.3.32.jar!/:na]
	at com.sedmelluq.discord.lavaplayer.track.playback.LocalAudioTrackExecutor.executeProcessingLoop(LocalAudioTrackExecutor.java:236) ~[lavaplayer-1.3.32.jar!/:na]
	at com.sedmelluq.discord.lavaplayer.container.matroska.MatroskaAudioTrack.process(MatroskaAudioTrack.java:39) ~[lavaplayer-1.3.32.jar!/:na]
	at com.sedmelluq.discord.lavaplayer.track.DelegatedAudioTrack.processDelegate(DelegatedAudioTrack.java:25) ~[lavaplayer-1.3.32.jar!/:na]
	at com.sedmelluq.discord.lavaplayer.source.youtube.YoutubeAudioTrack.processStatic(YoutubeAudioTrack.java:57) ~[lavaplayer-1.3.32.jar!/:na]
	at com.sedmelluq.discord.lavaplayer.source.youtube.YoutubeAudioTrack.process(YoutubeAudioTrack.java:49) ~[lavaplayer-1.3.32.jar!/:na]
	at com.sedmelluq.discord.lavaplayer.track.playback.LocalAudioTrackExecutor.execute(LocalAudioTrackExecutor.java:91) ~[lavaplayer-1.3.32.jar!/:na]
	at com.sedmelluq.discord.lavaplayer.player.DefaultAudioPlayerManager.lambda$executeTrack$1(DefaultAudioPlayerManager.java:349) ~[lavaplayer-1.3.32.jar!/:na]
	at java.base/java.util.concurrent.ThreadPoolExecutor.runWorker(ThreadPoolExecutor.java:1128) ~[na:na]
	at java.base/java.util.concurrent.ThreadPoolExecutor$Worker.run(ThreadPoolExecutor.java:628) ~[na:na]
	at java.base/java.lang.Thread.run(Thread.java:834) ~[na:na]
Caused by: java.lang.InterruptedException: null
	at java.base/java.util.concurrent.locks.AbstractQueuedSynchronizer$ConditionObject.reportInterruptAfterWait(AbstractQueuedSynchronizer.java:2056) ~[na:na]
	at java.base/java.util.concurrent.locks.AbstractQueuedSynchronizer$ConditionObject.await(AbstractQueuedSynchronizer.java:2090) ~[na:na]
	at java.base/java.util.concurrent.ArrayBlockingQueue.put(ArrayBlockingQueue.java:367) ~[na:na]
	at com.sedmelluq.discord.lavaplayer.track.playback.AllocatingAudioFrameBuffer.consume(AllocatingAudioFrameBuffer.java:179) ~[lavaplayer-1.3.32.jar!/:na]
	at com.sedmelluq.discord.lavaplayer.container.common.OpusPacketRouter.passThrough(OpusPacketRouter.java:169) ~[lavaplayer-1.3.32.jar!/:na]
	at com.sedmelluq.discord.lavaplayer.container.common.OpusPacketRouter.process(OpusPacketRouter.java:99) ~[lavaplayer-1.3.32.jar!/:na]
	at com.sedmelluq.discord.lavaplayer.container.matroska.MatroskaOpusTrackConsumer.consume(MatroskaOpusTrackConsumer.java:47) ~[lavaplayer-1.3.32.jar!/:na]
	at com.sedmelluq.discord.lavaplayer.container.matroska.MatroskaStreamingFile.processFrameInBlock(MatroskaStreamingFile.java:372) ~[lavaplayer-1.3.32.jar!/:na]
	at com.sedmelluq.discord.lavaplayer.container.matroska.MatroskaStreamingFile.parseClusterSimpleBlock(MatroskaStreamingFile.java:336) ~[lavaplayer-1.3.32.jar!/:na]
	at com.sedmelluq.discord.lavaplayer.container.matroska.MatroskaStreamingFile.parseNextCluster(MatroskaStreamingFile.java:321) ~[lavaplayer-1.3.32.jar!/:na]
	at com.sedmelluq.discord.lavaplayer.container.matroska.MatroskaStreamingFile.provideFrames(MatroskaStreamingFile.java:297) ~[lavaplayer-1.3.32.jar!/:na]
	at com.sedmelluq.discord.lavaplayer.container.matroska.MatroskaAudioTrack.lambda$process$0(MatroskaAudioTrack.java:40) ~[lavaplayer-1.3.32.jar!/:na]
	at com.sedmelluq.discord.lavaplayer.track.playback.LocalAudioTrackExecutor.executeProcessingLoop(LocalAudioTrackExecutor.java:262) ~[lavaplayer-1.3.32.jar!/:na]
	... 10 common frames omitted

2020-02-29 01:27:15.052  INFO 12871 --- [XNIO-1 task-2] l.server.io.HandshakeInterceptorImpl     : Incoming connection from /127.0.0.1:41284
2020-02-29 01:27:15.055  INFO 12871 --- [XNIO-1 task-2] c.s.d.l.tools.GarbageCollectionMonitor   : GC monitoring enabled, reporting results every 2 minutes.
2020-02-29 01:27:15.056  INFO 12871 --- [XNIO-1 task-2] lavalink.server.io.SocketServer          : Connection successfully established from /127.0.0.1:41284
2020-02-29 01:32:17.549  INFO 12871 --- [XNIO-1 I/O-8] lavalink.server.io.SocketServer          : Connection closed from /127.0.0.1:41284 -- CloseStatus[code=1006, reason=]
2020-02-29 01:32:17.551  INFO 12871 --- [XNIO-1 I/O-8] lavalink.server.io.SocketContext         : Shutting down 0 playing players.
2020-02-29 01:32:17.551  INFO 12871 --- [XNIO-1 I/O-8] c.s.d.l.tools.GarbageCollectionMonitor   : GC monitoring disabled.
2020-02-29 02:09:11.034  INFO 12871 --- [XNIO-1 task-3] l.server.io.HandshakeInterceptorImpl     : Incoming connection from /127.0.0.1:41508
2020-02-29 02:09:11.038  INFO 12871 --- [XNIO-1 task-3] c.s.d.l.tools.GarbageCollectionMonitor   : GC monitoring enabled, reporting results every 2 minutes.
2020-02-29 02:09:11.042  INFO 12871 --- [XNIO-1 task-3] lavalink.server.io.SocketServer          : Connection successfully established from /127.0.0.1:41508
2020-02-29 02:14:01.311  INFO 12871 --- [XNIO-1 I/O-8] lavalink.server.io.SocketServer          : Connection closed from /127.0.0.1:41508 -- CloseStatus[code=1006, reason=]
2020-02-29 02:14:01.311  INFO 12871 --- [XNIO-1 I/O-8] lavalink.server.io.SocketContext         : Shutting down 0 playing players.
2020-02-29 02:14:01.312  INFO 12871 --- [XNIO-1 I/O-8] c.s.d.l.tools.GarbageCollectionMonitor   : GC monitoring disabled.
